Started GET "/" for 127.0.0.1 at 2017-06-15 19:10:16 +0800
Processing by Rails::WelcomeController#index as HTML
  Parameters: {"internal"=>true}
  Rendering C:/RailsInstaller/Ruby2.3.0/lib/ruby/gems/2.3.0/gems/railties-5.0.3/lib/rails/templates/rails/welcome/index.html.erb
  Rendered C:/RailsInstaller/Ruby2.3.0/lib/ruby/gems/2.3.0/gems/railties-5.0.3/lib/rails/templates/rails/welcome/index.html.erb (13.0ms)
Completed 200 OK in 230ms (Views: 123.2ms | ActiveRecord: 0.0ms)


Started GET "/" for 127.0.0.1 at 2017-06-15 22:32:57 +0800
Processing by ApplicationController#hello as HTML
  Rendering html template
  Rendered html template (0.0ms)
Completed 200 OK in 184ms (Views: 132.2ms | ActiveRecord: 0.0ms)


Started GET "/" for 127.0.0.1 at 2017-06-15 22:45:10 +0800
  
Started GET "/" for 127.0.0.1 at 2017-06-15 22:45:20 +0800
SyntaxError (C:/Sites/workspace/hello_app/app/controllers/application_controller.rb:9: syntax error, unexpected end-of-input, expecting keyword_end):
  
app/controllers/application_controller.rb:9: syntax error, unexpected end-of-input, expecting keyword_end
  Rendering C:/RailsInstaller/Ruby2.3.0/lib/ruby/gems/2.3.0/gems/actionpack-5.0.3/lib/action_dispatch/middleware/templates/rescues/diagnostics.html.erb within rescues/layout
  Rendering C:/RailsInstaller/Ruby2.3.0/lib/ruby/gems/2.3.0/gems/actionpack-5.0.3/lib/action_dispatch/middleware/templates/rescues/_source.html.erb
  Rendered C:/RailsInstaller/Ruby2.3.0/lib/ruby/gems/2.3.0/gems/actionpack-5.0.3/lib/action_dispatch/middleware/templates/rescues/_source.html.erb (0.0ms)
  Rendering C:/RailsInstaller/Ruby2.3.0/lib/ruby/gems/2.3.0/gems/actionpack-5.0.3/lib/action_dispatch/middleware/templates/rescues/_trace.html.erb
  Rendered C:/RailsInstaller/Ruby2.3.0/lib/ruby/gems/2.3.0/gems/actionpack-5.0.3/lib/action_dispatch/middleware/templates/rescues/_trace.html.erb (0.0ms)
  Rendering C:/RailsInstaller/Ruby2.3.0/lib/ruby/gems/2.3.0/gems/actionpack-5.0.3/lib/action_dispatch/middleware/templates/rescues/_request_and_response.html.erb
  Rendered C:/RailsInstaller/Ruby2.3.0/lib/ruby/gems/2.3.0/gems/actionpack-5.0.3/lib/action_dispatch/middleware/templates/rescues/_request_and_response.html.erb (0.0ms)
  Rendered C:/RailsInstaller/Ruby2.3.0/lib/ruby/gems/2.3.0/gems/actionpack-5.0.3/lib/action_dispatch/middleware/templates/rescues/diagnostics.html.erb within rescues/layout (2657.6ms)
  
SyntaxError (C:/Sites/workspace/hello_app/app/controllers/application_controller.rb:9: syntax error, unexpected end-of-input, expecting keyword_end):
  
app/controllers/application_controller.rb:9: syntax error, unexpected end-of-input, expecting keyword_end
  Rendering C:/RailsInstaller/Ruby2.3.0/lib/ruby/gems/2.3.0/gems/actionpack-5.0.3/lib/action_dispatch/middleware/templates/rescues/diagnostics.html.erb within rescues/layout
  Rendering C:/RailsInstaller/Ruby2.3.0/lib/ruby/gems/2.3.0/gems/actionpack-5.0.3/lib/action_dispatch/middleware/templates/rescues/_source.html.erb
  Rendered C:/RailsInstaller/Ruby2.3.0/lib/ruby/gems/2.3.0/gems/actionpack-5.0.3/lib/action_dispatch/middleware/templates/rescues/_source.html.erb (15.6ms)
  Rendering C:/RailsInstaller/Ruby2.3.0/lib/ruby/gems/2.3.0/gems/actionpack-5.0.3/lib/action_dispatch/middleware/templates/rescues/_trace.html.erb
  Rendered C:/RailsInstaller/Ruby2.3.0/lib/ruby/gems/2.3.0/gems/actionpack-5.0.3/lib/action_dispatch/middleware/templates/rescues/_trace.html.erb (0.0ms)
  Rendering C:/RailsInstaller/Ruby2.3.0/lib/ruby/gems/2.3.0/gems/actionpack-5.0.3/lib/action_dispatch/middleware/templates/rescues/_request_and_response.html.erb
  Rendered C:/RailsInstaller/Ruby2.3.0/lib/ruby/gems/2.3.0/gems/actionpack-5.0.3/lib/action_dispatch/middleware/templates/rescues/_request_and_response.html.erb (0.0ms)
  Rendered C:/RailsInstaller/Ruby2.3.0/lib/ruby/gems/2.3.0/gems/actionpack-5.0.3/lib/action_dispatch/middleware/templates/rescues/diagnostics.html.erb within rescues/layout (2406.3ms)
Started GET "/" for 127.0.0.1 at 2017-06-15 22:46:00 +0800
  
SyntaxError (C:/Sites/workspace/hello_app/app/controllers/application_controller.rb:9: syntax error, unexpected end-of-input, expecting keyword_end):
  
app/controllers/application_controller.rb:9: syntax error, unexpected end-of-input, expecting keyword_end
  Rendering C:/RailsInstaller/Ruby2.3.0/lib/ruby/gems/2.3.0/gems/actionpack-5.0.3/lib/action_dispatch/middleware/templates/rescues/diagnostics.html.erb within rescues/layout
  Rendering C:/RailsInstaller/Ruby2.3.0/lib/ruby/gems/2.3.0/gems/actionpack-5.0.3/lib/action_dispatch/middleware/templates/rescues/_source.html.erb
  Rendered C:/RailsInstaller/Ruby2.3.0/lib/ruby/gems/2.3.0/gems/actionpack-5.0.3/lib/action_dispatch/middleware/templates/rescues/_source.html.erb (0.0ms)
  Rendering C:/RailsInstaller/Ruby2.3.0/lib/ruby/gems/2.3.0/gems/actionpack-5.0.3/lib/action_dispatch/middleware/templates/rescues/_trace.html.erb
  Rendered C:/RailsInstaller/Ruby2.3.0/lib/ruby/gems/2.3.0/gems/actionpack-5.0.3/lib/action_dispatch/middleware/templates/rescues/_trace.html.erb (0.0ms)
  Rendering C:/RailsInstaller/Ruby2.3.0/lib/ruby/gems/2.3.0/gems/actionpack-5.0.3/lib/action_dispatch/middleware/templates/rescues/_request_and_response.html.erb
  Rendered C:/RailsInstaller/Ruby2.3.0/lib/ruby/gems/2.3.0/gems/actionpack-5.0.3/lib/action_dispatch/middleware/templates/rescues/_request_and_response.html.erb (46.9ms)
  Rendered C:/RailsInstaller/Ruby2.3.0/lib/ruby/gems/2.3.0/gems/actionpack-5.0.3/lib/action_dispatch/middleware/templates/rescues/diagnostics.html.erb within rescues/layout (2506.7ms)
Started GET "/" for 127.0.0.1 at 2017-06-15 22:46:11 +0800
Processing by ApplicationController#hello as HTML
Started GET "/" for 127.0.0.1 at 2017-06-15 22:46:22 +0800
  Rendering html template
  Rendered html template (0.0ms)
Completed 200 OK in 3ms (Views: 12.4ms | ActiveRecord: 0.0ms)


Processing by ApplicationController#hello as HTML
  Rendering html template
  Rendered html template (0.0ms)
Completed 200 OK in 0ms (Views: 4.4ms | ActiveRecord: 0.0ms)


Started GET "/" for 127.0.0.1 at 2017-06-15 22:46:37 +0800
Processing by ApplicationController#goodbye as HTML
  Rendering html template
  Rendered html template (0.0ms)
Completed 200 OK in 0ms (Views: 4.8ms | ActiveRecord: 0.0ms)


